[2022-01-09 23:51:07,959: INFO: stage_01_get_data]: 
********************
[2022-01-09 23:51:07,960: INFO: stage_01_get_data]: >>>>> stage stage_01_get_data started <<<<<
[2022-01-09 23:51:07,960: ERROR: stage_01_get_data]: main() missing 1 required positional argument: 'params_path'
Traceback (most recent call last):
  File "src/stage_01_get_data.py", line 35, in <module>
    main(config_path=parsed_args.config)
TypeError: main() missing 1 required positional argument: 'params_path'
[2022-01-09 23:51:23,038: INFO: stage_01_get_data]: 
********************
[2022-01-09 23:51:23,038: INFO: stage_01_get_data]: >>>>> stage stage_01_get_data started <<<<<
[2022-01-09 23:51:23,043: INFO: common]: yaml file: configs/config.yaml loaded successfully
[2022-01-09 23:51:23,043: INFO: stage_01_get_data]: >>>>> stage stage_01_get_data completed!<<<<<

[2022-01-10 01:20:45,146: INFO: stage_01_get_data]: 
********************
[2022-01-10 01:20:45,146: INFO: stage_01_get_data]: >>>>> stage stage_01_get_data started <<<<<
[2022-01-10 01:20:45,152: INFO: common]: yaml file: configs/config.yaml loaded successfully
[2022-01-10 01:20:45,152: ERROR: stage_01_get_data]: 'source_data_dir'
Traceback (most recent call last):
  File "src/stage_01_get_data.py", line 41, in <module>
    get_data(config_path=parsed_args.config)
  File "src/stage_01_get_data.py", line 25, in get_data
    local_data_dir = config["source_data_dir"]["data_dir"]
KeyError: 'source_data_dir'
[2022-01-10 01:21:09,445: INFO: stage_01_get_data]: 
********************
[2022-01-10 01:21:09,446: INFO: stage_01_get_data]: >>>>> stage stage_01_get_data started <<<<<
[2022-01-10 01:21:09,451: INFO: common]: yaml file: configs/config.yaml loaded successfully
[2022-01-10 01:21:09,451: INFO: common]: created directory at: data
[2022-01-10 01:21:09,451: INFO: stage_01_get_data]: >>>>> stage stage_01_get_data completed!<<<<<

[2022-01-10 01:24:32,700: INFO: stage_01_get_data]: 
********************
[2022-01-10 01:24:32,700: INFO: stage_01_get_data]: >>>>> stage stage_01_get_data started <<<<<
[2022-01-10 01:24:32,702: INFO: common]: yaml file: configs/config.yaml loaded successfully
[2022-01-10 01:24:32,702: INFO: common]: created directory at: data
[2022-01-10 01:24:32,702: INFO: stage_01_get_data]: Download started......
[2022-01-10 01:24:36,279: INFO: stage_01_get_data]: Download completed
[2022-01-10 01:24:36,279: INFO: stage_01_get_data]: Download file is present at: data.xml
[2022-01-10 01:24:36,281: INFO: stage_01_get_data]: Download headers: x-amz-id-2: H2gQryStdlMF3pGtpfOwVRaHytTV0fbrubUjc16HKdhLMpikTA8aR98ttzzR/PHkr90eaCqtDn8=
x-amz-request-id: 10D1505G0X0MP6QY
Date: Mon, 10 Jan 2022 09:24:33 GMT
Last-Modified: Sat, 30 Oct 2021 22:24:10 GMT
ETag: "bf7eaa28ecc8e7af14695bc914c69427-3"
Accept-Ranges: bytes
Content-Type: text/xml
Server: AmazonS3
Content-Length: 37891850
Connection: close


[2022-01-10 01:24:36,281: INFO: stage_01_get_data]: >>>>> stage stage_01_get_data completed!<<<<<

[2022-01-10 01:26:47,693: INFO: stage_01_get_data]: 
********************
[2022-01-10 01:26:47,693: INFO: stage_01_get_data]: >>>>> stage stage_01_get_data started <<<<<
[2022-01-10 01:26:47,695: INFO: common]: yaml file: configs/config.yaml loaded successfully
[2022-01-10 01:26:47,695: INFO: common]: created directory at: data
[2022-01-10 01:26:47,695: INFO: stage_01_get_data]: Download started......
[2022-01-10 01:26:50,898: INFO: stage_01_get_data]: Download completed
[2022-01-10 01:26:50,898: INFO: stage_01_get_data]: Download file is present at: data\data.xml
[2022-01-10 01:26:50,900: INFO: stage_01_get_data]: Download headers: x-amz-id-2: rhNZm3bDTpyVag2wdLZBAHLJ18OKEztE7OBrnjztQDd17dz+l5A3D9sWmtVCLyuhJOXz+gpPRHs=
x-amz-request-id: 3TE393PKDJPW6B1A
Date: Mon, 10 Jan 2022 09:26:48 GMT
Last-Modified: Sat, 30 Oct 2021 22:24:10 GMT
ETag: "bf7eaa28ecc8e7af14695bc914c69427-3"
Accept-Ranges: bytes
Content-Type: text/xml
Server: AmazonS3
Content-Length: 37891850
Connection: close


[2022-01-10 01:26:50,900: INFO: stage_01_get_data]: >>>>> stage stage_01_get_data completed!<<<<<

